TN:
SF:components/HomepageBanner/HomepageBanner.tsx
FN:8,HomepageBanner
FNF:1
FNH:1
FNDA:1,HomepageBanner
DA:1,1
DA:2,1
DA:3,1
DA:4,1
DA:5,1
DA:6,1
DA:7,1
DA:8,1
DA:9,1
DA:10,1
DA:11,1
DA:12,1
DA:13,1
DA:14,1
DA:15,1
DA:16,1
DA:17,1
DA:18,1
DA:19,1
DA:20,1
DA:21,1
DA:22,1
DA:23,1
DA:24,1
DA:25,1
DA:26,1
DA:27,1
DA:28,1
DA:29,1
DA:30,1
DA:31,1
DA:32,1
DA:33,1
DA:34,1
DA:35,1
DA:36,1
DA:37,1
DA:38,1
DA:39,1
DA:40,1
DA:41,1
DA:42,1
DA:43,1
DA:44,1
DA:45,1
LF:45
LH:45
BRDA:8,0,0,1
BRDA:10,1,0,0
BRDA:31,2,0,2
BRDA:31,3,0,1
BRDA:33,4,0,0
BRDA:38,5,0,0
BRF:6
BRH:3
end_of_record
TN:
SF:components/HomepageBanner/isValidURL.ts
FN:1,isValidURL
FNF:1
FNH:1
FNDA:15,isValidURL
DA:1,15
DA:2,15
DA:3,15
DA:4,15
DA:5,15
DA:6,6
DA:7,6
DA:8,15
LF:8
LH:8
BRDA:1,0,0,15
BRDA:5,1,0,6
BRF:2
BRH:2
end_of_record
